[0403/232150.641:ERROR:scoped_process_suspend.cc(31)] NtSuspendProcess: An attempt was made to access an exiting process. (0xc000010a)
[0403/232150.859:ERROR:process_info.cc(118)] ReadProcessMemory bool __cdecl crashpad::(anonymous namespace)::ReadStruct(HANDLE, crashpad::WinVMAddress, T *) [T = crashpad::process_types::PEB<crashpad::process_types::internal::Traits32>]: Only part of a ReadProcessMemory or WriteProcessMemory request was completed. (0x12B)
[0403/232150.860:ERROR:process_info.cc(545)] ReadProcessData failed
[0404/222604.510:ERROR:process_memory_win.cc(73)] ReadMemory at 0x314000 of 49152 bytes failed: Only part of a ReadProcessMemory or WriteProcessMemory request was completed. (0x12B)
[0404/222604.510:ERROR:process_memory_win.cc(73)] ReadMemory at 0x3eae000 of 8192 bytes failed: Only part of a ReadProcessMemory or WriteProcessMemory request was completed. (0x12B)
[0404/222604.510:ERROR:process_memory_win.cc(73)] ReadMemory at 0x422c000 of 16384 bytes failed: Only part of a ReadProcessMemory or WriteProcessMemory request was completed. (0x12B)
[0404/222604.510:ERROR:process_memory_win.cc(73)] ReadMemory at 0x445f000 of 4096 bytes failed: Only part of a ReadProcessMemory or WriteProcessMemory request was completed. (0x12B)
[0404/222604.510:ERROR:process_memory_win.cc(73)] ReadMemory at 0x458e000 of 8192 bytes failed: Only part of a ReadProcessMemory or WriteProcessMemory request was completed. (0x12B)
[0404/222604.510:ERROR:process_memory_win.cc(73)] ReadMemory at 0x477e000 of 8192 bytes failed: Only part of a ReadProcessMemory or WriteProcessMemory request was completed. (0x12B)
[0404/222604.510:ERROR:process_memory_win.cc(73)] ReadMemory at 0x48ef000 of 4096 bytes failed: Only part of a ReadProcessMemory or WriteProcessMemory request was completed. (0x12B)
[0404/222604.510:ERROR:process_memory_win.cc(73)] ReadMemory at 0x4a5f000 of 4096 bytes failed: Only part of a ReadProcessMemory or WriteProcessMemory request was completed. (0x12B)
[0404/222604.510:ERROR:process_memory_win.cc(73)] ReadMemory at 0x4cce000 of 8192 bytes failed: Only part of a ReadProcessMemory or WriteProcessMemory request was completed. (0x12B)
[0404/222604.510:ERROR:process_memory_win.cc(73)] ReadMemory at 0x4e0d000 of 12288 bytes failed: Only part of a ReadProcessMemory or WriteProcessMemory request was completed. (0x12B)
[0404/222604.525:ERROR:process_memory_win.cc(73)] ReadMemory at 0x4b49000 of 94208 bytes failed: Only part of a ReadProcessMemory or WriteProcessMemory request was completed. (0x12B)
[0404/222604.525:ERROR:process_memory_win.cc(73)] ReadMemory at 0x503b000 of 86016 bytes failed: Only part of a ReadProcessMemory or WriteProcessMemory request was completed. (0x12B)
[0404/222604.525:ERROR:process_memory_win.cc(73)] ReadMemory at 0x8056000 of 40960 bytes failed: Only part of a ReadProcessMemory or WriteProcessMemory request was completed. (0x12B)
[0404/222604.525:ERROR:process_memory_win.cc(73)] ReadMemory at 0x847f000 of 69632 bytes failed: Only part of a ReadProcessMemory or WriteProcessMemory request was completed. (0x12B)
[0404/222604.525:ERROR:process_memory_win.cc(73)] ReadMemory at 0x8d2e000 of 8192 bytes failed: Only part of a ReadProcessMemory or WriteProcessMemory request was completed. (0x12B)
[0404/222604.525:ERROR:process_memory_win.cc(73)] ReadMemory at 0x648e000 of 8192 bytes failed: Only part of a ReadProcessMemory or WriteProcessMemory request was completed. (0x12B)
[0404/222604.525:ERROR:process_memory_win.cc(73)] ReadMemory at 0xaa8e000 of 8192 bytes failed: Only part of a ReadProcessMemory or WriteProcessMemory request was completed. (0x12B)
[0404/222604.525:ERROR:process_memory_win.cc(73)] ReadMemory at 0x11f07f0 of 3484 bytes failed: Only part of a ReadProcessMemory or WriteProcessMemory request was completed. (0x12B)
[0404/222604.525:ERROR:process_memory_win.cc(73)] ReadMemory at 0x11f1598 of 660 bytes failed: Only part of a ReadProcessMemory or WriteProcessMemory request was completed. (0x12B)
[0404/222604.525:ERROR:process_memory_win.cc(73)] ReadMemory at 0x11f1a38 of 974 bytes failed: Only part of a ReadProcessMemory or WriteProcessMemory request was completed. (0x12B)
[0404/222604.525:ERROR:process_memory_win.cc(73)] ReadMemory at 0x11f1e08 of 118 bytes failed: Only part of a ReadProcessMemory or WriteProcessMemory request was completed. (0x12B)
[0404/222604.525:ERROR:process_memory_win.cc(73)] ReadMemory at 0x11f1e80 of 1462 bytes failed: Only part of a ReadProcessMemory or WriteProcessMemory request was completed. (0x12B)
[0404/222604.525:ERROR:process_memory_win.cc(73)] ReadMemory at 0x11f2438 of 118 bytes failed: Only part of a ReadProcessMemory or WriteProcessMemory request was completed. (0x12B)
[0404/222604.525:ERROR:process_memory_win.cc(73)] ReadMemory at 0x11f24b0 of 96 bytes failed: Only part of a ReadProcessMemory or WriteProcessMemory request was completed. (0x12B)
[0404/222604.525:ERROR:process_memory_win.cc(73)] ReadMemory at 0x11f3338 of 72 bytes failed: Only part of a ReadProcessMemory or WriteProcessMemory request was completed. (0x12B)
[0404/222604.525:ERROR:process_memory_win.cc(73)] ReadMemory at 0x11f33b8 of 72 bytes failed: Only part of a ReadProcessMemory or WriteProcessMemory request was completed. (0x12B)
[0404/222604.525:ERROR:process_memory_win.cc(73)] ReadMemory at 0x11f3438 of 58 bytes failed: Only part of a ReadProcessMemory or WriteProcessMemory request was completed. (0x12B)
[0404/222604.525:ERROR:process_memory_win.cc(73)] ReadMemory at 0x11f3498 of 124 bytes failed: Only part of a ReadProcessMemory or WriteProcessMemory request was completed. (0x12B)
[0404/222604.525:ERROR:process_memory_win.cc(73)] ReadMemory at 0x11f3730 of 64 bytes failed: Only part of a ReadProcessMemory or WriteProcessMemory request was completed. (0x12B)
[0404/222604.525:ERROR:process_memory_win.cc(73)] ReadMemory at 0x11f3780 of 72 bytes failed: Only part of a ReadProcessMemory or WriteProcessMemory request was completed. (0x12B)
[0404/222604.525:ERROR:process_memory_win.cc(73)] ReadMemory at 0x11f3818 of 68 bytes failed: Only part of a ReadProcessMemory or WriteProcessMemory request was completed. (0x12B)
[0404/222604.525:ERROR:process_memory_win.cc(73)] ReadMemory at 0x11f3868 of 72 bytes failed: Only part of a ReadProcessMemory or WriteProcessMemory request was completed. (0x12B)
[0404/222604.525:ERROR:process_memory_win.cc(73)] ReadMemory at 0x11f44c8 of 152 bytes failed: Only part of a ReadProcessMemory or WriteProcessMemory request was completed. (0x12B)
[0404/222604.525:ERROR:process_memory_win.cc(73)] ReadMemory at 0x11f4570 of 72 bytes failed: Only part of a ReadProcessMemory or WriteProcessMemory request was completed. (0x12B)
[0404/222604.525:ERROR:process_memory_win.cc(73)] ReadMemory at 0x11f4638 of 72 bytes failed: Only part of a ReadProcessMemory or WriteProcessMemory request was completed. (0x12B)
[0404/222604.525:ERROR:process_memory_win.cc(73)] ReadMemory at 0x11f46b8 of 60 bytes failed: Only part of a ReadProcessMemory or WriteProcessMemory request was completed. (0x12B)
[0404/222604.525:ERROR:process_memory_win.cc(73)] ReadMemory at 0x11f4768 of 62 bytes failed: Only part of a ReadProcessMemory or WriteProcessMemory request was completed. (0x12B)
[0404/222604.525:ERROR:process_memory_win.cc(73)] ReadMemory at 0x11f4bf0 of 72 bytes failed: Only part of a ReadProcessMemory or WriteProcessMemory request was completed. (0x12B)
[0404/222604.525:ERROR:process_memory_win.cc(73)] ReadMemory at 0x11f4d48 of 62 bytes failed: Only part of a ReadProcessMemory or WriteProcessMemory request was completed. (0x12B)
[0404/222604.525:ERROR:process_memory_win.cc(73)] ReadMemory at 0x11f4d90 of 72 bytes failed: Only part of a ReadProcessMemory or WriteProcessMemory request was completed. (0x12B)
[0404/222604.525:ERROR:process_memory_win.cc(73)] ReadMemory at 0x11f4e58 of 62 bytes failed: Only part of a ReadProcessMemory or WriteProcessMemory request was completed. (0x12B)
[0404/222604.525:ERROR:process_memory_win.cc(73)] ReadMemory at 0x1209378 of 72 bytes failed: Only part of a ReadProcessMemory or WriteProcessMemory request was completed. (0x12B)
[0404/222604.525:ERROR:process_memory_win.cc(73)] ReadMemory at 0x1209410 of 58 bytes failed: Only part of a ReadProcessMemory or WriteProcessMemory request was completed. (0x12B)
[0404/222604.525:ERROR:process_memory_win.cc(73)] ReadMemory at 0x1209458 of 72 bytes failed: Only part of a ReadProcessMemory or WriteProcessMemory request was completed. (0x12B)
[0404/222604.525:ERROR:process_memory_win.cc(73)] ReadMemory at 0x1209cd8 of 60 bytes failed: Only part of a ReadProcessMemory or WriteProcessMemory request was completed. (0x12B)
[0404/222604.525:ERROR:process_memory_win.cc(73)] ReadMemory at 0x1209d20 of 72 bytes failed: Only part of a ReadProcessMemory or WriteProcessMemory request was completed. (0x12B)
[0404/222604.525:ERROR:process_memory_win.cc(73)] ReadMemory at 0x1209da0 of 64 bytes failed: Only part of a ReadProcessMemory or WriteProcessMemory request was completed. (0x12B)
[0404/222604.525:ERROR:process_memory_win.cc(73)] ReadMemory at 0x1209df0 of 72 bytes failed: Only part of a ReadProcessMemory or WriteProcessMemory request was completed. (0x12B)
[0404/222604.525:ERROR:process_memory_win.cc(73)] ReadMemory at 0x1209e70 of 60 bytes failed: Only part of a ReadProcessMemory or WriteProcessMemory request was completed. (0x12B)
[0404/222604.525:ERROR:process_memory_win.cc(73)] ReadMemory at 0x1209eb8 of 72 bytes failed: Only part of a ReadProcessMemory or WriteProcessMemory request was completed. (0x12B)
[0404/222604.525:ERROR:process_memory_win.cc(73)] ReadMemory at 0x1209f38 of 62 bytes failed: Only part of a ReadProcessMemory or WriteProcessMemory request was completed. (0x12B)
[0404/222604.525:ERROR:process_memory_win.cc(73)] ReadMemory at 0x1209f80 of 72 bytes failed: Only part of a ReadProcessMemory or WriteProcessMemory request was completed. (0x12B)
[0404/222604.525:ERROR:process_memory_win.cc(73)] ReadMemory at 0x120a000 of 66 bytes failed: Only part of a ReadProcessMemory or WriteProcessMemory request was completed. (0x12B)
[0404/222604.525:ERROR:process_memory_win.cc(73)] ReadMemory at 0x120a050 of 54 bytes failed: Only part of a ReadProcessMemory or WriteProcessMemory request was completed. (0x12B)
[0404/222604.525:ERROR:process_memory_win.cc(73)] ReadMemory at 0x120a098 of 62 bytes failed: Only part of a ReadProcessMemory or WriteProcessMemory request was completed. (0x12B)
[0404/222604.525:ERROR:process_memory_win.cc(73)] ReadMemory at 0x120a0e0 of 72 bytes failed: Only part of a ReadProcessMemory or WriteProcessMemory request was completed. (0x12B)
[0404/222604.525:ERROR:process_memory_win.cc(73)] ReadMemory at 0x120a160 of 72 bytes failed: Only part of a ReadProcessMemory or WriteProcessMemory request was completed. (0x12B)
[0404/222604.525:ERROR:process_memory_win.cc(73)] ReadMemory at 0x120a1e0 of 72 bytes failed: Only part of a ReadProcessMemory or WriteProcessMemory request was completed. (0x12B)
[0404/222604.525:ERROR:process_memory_win.cc(73)] ReadMemory at 0x120a260 of 58 bytes failed: Only part of a ReadProcessMemory or WriteProcessMemory request was completed. (0x12B)
[0404/222604.525:ERROR:process_memory_win.cc(73)] ReadMemory at 0x120a2c0 of 72 bytes failed: Only part of a ReadProcessMemory or WriteProcessMemory request was completed. (0x12B)
[0404/222604.525:ERROR:process_memory_win.cc(73)] ReadMemory at 0x120a340 of 72 bytes failed: Only part of a ReadProcessMemory or WriteProcessMemory request was completed. (0x12B)
[0404/222604.525:ERROR:process_memory_win.cc(73)] ReadMemory at 0x120a3c0 of 72 bytes failed: Only part of a ReadProcessMemory or WriteProcessMemory request was completed. (0x12B)
[0404/222604.525:ERROR:process_memory_win.cc(73)] ReadMemory at 0x120a440 of 72 bytes failed: Only part of a ReadProcessMemory or WriteProcessMemory request was completed. (0x12B)
[0404/222604.525:ERROR:process_memory_win.cc(73)] ReadMemory at 0x120a4c0 of 72 bytes failed: Only part of a ReadProcessMemory or WriteProcessMemory request was completed. (0x12B)
[0404/222604.525:ERROR:process_memory_win.cc(73)] ReadMemory at 0x120a540 of 72 bytes failed: Only part of a ReadProcessMemory or WriteProcessMemory request was completed. (0x12B)
[0404/222604.525:ERROR:process_memory_win.cc(73)] ReadMemory at 0x120a5c0 of 72 bytes failed: Only part of a ReadProcessMemory or WriteProcessMemory request was completed. (0x12B)
[0404/222604.525:ERROR:process_memory_win.cc(73)] ReadMemory at 0x120a640 of 72 bytes failed: Only part of a ReadProcessMemory or WriteProcessMemory request was completed. (0x12B)
[0404/222604.525:ERROR:process_memory_win.cc(73)] ReadMemory at 0x120a6c0 of 72 bytes failed: Only part of a ReadProcessMemory or WriteProcessMemory request was completed. (0x12B)
[0404/222604.525:ERROR:process_memory_win.cc(73)] ReadMemory at 0x120a740 of 72 bytes failed: Only part of a ReadProcessMemory or WriteProcessMemory request was completed. (0x12B)
[0404/222604.525:ERROR:process_memory_win.cc(73)] ReadMemory at 0x120a7c0 of 72 bytes failed: Only part of a ReadProcessMemory or WriteProcessMemory request was completed. (0x12B)
[0404/222604.525:ERROR:process_memory_win.cc(73)] ReadMemory at 0x120a840 of 72 bytes failed: Only part of a ReadProcessMemory or WriteProcessMemory request was completed. (0x12B)
[0404/222604.525:ERROR:process_memory_win.cc(73)] ReadMemory at 0x120a8c0 of 72 bytes failed: Only part of a ReadProcessMemory or WriteProcessMemory request was completed. (0x12B)
[0404/222604.525:ERROR:process_memory_win.cc(73)] ReadMemory at 0x120a940 of 72 bytes failed: Only part of a ReadProcessMemory or WriteProcessMemory request was completed. (0x12B)
[0404/222604.525:ERROR:process_memory_win.cc(73)] ReadMemory at 0x120a9c0 of 72 bytes failed: Only part of a ReadProcessMemory or WriteProcessMemory request was completed. (0x12B)
[0404/222604.525:ERROR:process_memory_win.cc(73)] ReadMemory at 0x120aa40 of 72 bytes failed: Only part of a ReadProcessMemory or WriteProcessMemory request was completed. (0x12B)
[0404/222604.525:ERROR:process_memory_win.cc(73)] ReadMemory at 0x120aac0 of 72 bytes failed: Only part of a ReadProcessMemory or WriteProcessMemory request was completed. (0x12B)
[0404/222604.525:ERROR:process_memory_win.cc(73)] ReadMemory at 0x120ab40 of 72 bytes failed: Only part of a ReadProcessMemory or WriteProcessMemory request was completed. (0x12B)
[0404/222604.525:ERROR:process_memory_win.cc(73)] ReadMemory at 0x120abc0 of 72 bytes failed: Only part of a ReadProcessMemory or WriteProcessMemory request was completed. (0x12B)
[0404/222604.525:ERROR:process_memory_win.cc(73)] ReadMemory at 0x120ac40 of 72 bytes failed: Only part of a ReadProcessMemory or WriteProcessMemory request was completed. (0x12B)
[0404/222604.525:ERROR:process_memory_win.cc(73)] ReadMemory at 0x120acc0 of 72 bytes failed: Only part of a ReadProcessMemory or WriteProcessMemory request was completed. (0x12B)
[0404/222604.525:ERROR:process_memory_win.cc(73)] ReadMemory at 0x120ad40 of 72 bytes failed: Only part of a ReadProcessMemory or WriteProcessMemory request was completed. (0x12B)
[0404/222604.525:ERROR:process_memory_win.cc(73)] ReadMemory at 0x120adc0 of 72 bytes failed: Only part of a ReadProcessMemory or WriteProcessMemory request was completed. (0x12B)
[0404/222604.525:ERROR:process_memory_win.cc(73)] ReadMemory at 0x120ae40 of 72 bytes failed: Only part of a ReadProcessMemory or WriteProcessMemory request was completed. (0x12B)
[0404/222604.525:ERROR:process_memory_win.cc(73)] ReadMemory at 0x120aec0 of 72 bytes failed: Only part of a ReadProcessMemory or WriteProcessMemory request was completed. (0x12B)
[0404/222604.525:ERROR:process_memory_win.cc(73)] ReadMemory at 0x120af40 of 72 bytes failed: Only part of a ReadProcessMemory or WriteProcessMemory request was completed. (0x12B)
[0404/222604.525:ERROR:process_memory_win.cc(73)] ReadMemory at 0x120afc0 of 72 bytes failed: Only part of a ReadProcessMemory or WriteProcessMemory request was completed. (0x12B)
[0404/222604.525:ERROR:process_memory_win.cc(73)] ReadMemory at 0x120b040 of 72 bytes failed: Only part of a ReadProcessMemory or WriteProcessMemory request was completed. (0x12B)
[0404/222604.525:ERROR:process_memory_win.cc(73)] ReadMemory at 0x120b0c0 of 114 bytes failed: Only part of a ReadProcessMemory or WriteProcessMemory request was completed. (0x12B)
[0404/222604.525:ERROR:process_memory_win.cc(73)] ReadMemory at 0x120b140 of 72 bytes failed: Only part of a ReadProcessMemory or WriteProcessMemory request was completed. (0x12B)
[0404/222604.525:ERROR:process_memory_win.cc(73)] ReadMemory at 0x120b1c0 of 118 bytes failed: Only part of a ReadProcessMemory or WriteProcessMemory request was completed. (0x12B)
[0404/222604.525:ERROR:process_memory_win.cc(73)] ReadMemory at 0x120b240 of 72 bytes failed: Only part of a ReadProcessMemory or WriteProcessMemory request was completed. (0x12B)
[0404/222604.525:ERROR:process_memory_win.cc(73)] ReadMemory at 0x120b2c0 of 72 bytes failed: Only part of a ReadProcessMemory or WriteProcessMemory request was completed. (0x12B)
[0404/222604.525:ERROR:process_memory_win.cc(73)] ReadMemory at 0x120b340 of 116 bytes failed: Only part of a ReadProcessMemory or WriteProcessMemory request was completed. (0x12B)
[0404/222604.525:ERROR:process_memory_win.cc(73)] ReadMemory at 0x120b3c0 of 72 bytes failed: Only part of a ReadProcessMemory or WriteProcessMemory request was completed. (0x12B)
[0404/222604.525:ERROR:process_memory_win.cc(73)] ReadMemory at 0x120b440 of 118 bytes failed: Only part of a ReadProcessMemory or WriteProcessMemory request was completed. (0x12B)
[0404/222604.525:ERROR:process_memory_win.cc(73)] ReadMemory at 0x120b4c0 of 72 bytes failed: Only part of a ReadProcessMemory or WriteProcessMemory request was completed. (0x12B)
[0404/222604.525:ERROR:process_memory_win.cc(73)] ReadMemory at 0x120b540 of 72 bytes failed: Only part of a ReadProcessMemory or WriteProcessMemory request was completed. (0x12B)
[0404/222604.525:ERROR:process_memory_win.cc(73)] ReadMemory at 0x120b5c0 of 72 bytes failed: Only part of a ReadProcessMemory or WriteProcessMemory request was completed. (0x12B)
[0404/222604.525:ERROR:process_memory_win.cc(73)] ReadMemory at 0x120b640 of 72 bytes failed: Only part of a ReadProcessMemory or WriteProcessMemory request was completed. (0x12B)
[0404/222604.525:ERROR:process_memory_win.cc(73)] ReadMemory at 0x120b6c0 of 72 bytes failed: Only part of a ReadProcessMemory or WriteProcessMemory request was completed. (0x12B)
[0404/222604.525:ERROR:process_memory_win.cc(73)] ReadMemory at 0x120b740 of 72 bytes failed: Only part of a ReadProcessMemory or WriteProcessMemory request was completed. (0x12B)
[0404/222604.525:ERROR:process_memory_win.cc(73)] ReadMemory at 0x120b7c0 of 72 bytes failed: Only part of a ReadProcessMemory or WriteProcessMemory request was completed. (0x12B)
[0404/222604.525:ERROR:process_memory_win.cc(73)] ReadMemory at 0x120c6a8 of 62 bytes failed: Only part of a ReadProcessMemory or WriteProcessMemory request was completed. (0x12B)
[0404/222604.525:ERROR:process_memory_win.cc(73)] ReadMemory at 0x120c6f0 of 62 bytes failed: Only part of a ReadProcessMemory or WriteProcessMemory request was completed. (0x12B)
[0404/222604.525:ERROR:process_memory_win.cc(73)] ReadMemory at 0x120c738 of 54 bytes failed: Only part of a ReadProcessMemory or WriteProcessMemory request was completed. (0x12B)
[0404/222604.525:ERROR:process_memory_win.cc(73)] ReadMemory at 0x120c868 of 104 bytes failed: Only part of a ReadProcessMemory or WriteProcessMemory request was completed. (0x12B)
[0404/222604.525:ERROR:process_memory_win.cc(73)] ReadMemory at 0x120c960 of 58 bytes failed: Only part of a ReadProcessMemory or WriteProcessMemory request was completed. (0x12B)
[0404/222604.525:ERROR:process_memory_win.cc(73)] ReadMemory at 0x120e028 of 58 bytes failed: Only part of a ReadProcessMemory or WriteProcessMemory request was completed. (0x12B)
[0404/222604.525:ERROR:process_memory_win.cc(73)] ReadMemory at 0x120e070 of 58 bytes failed: Only part of a ReadProcessMemory or WriteProcessMemory request was completed. (0x12B)
[0404/222604.525:ERROR:process_memory_win.cc(73)] ReadMemory at 0x120e0b8 of 60 bytes failed: Only part of a ReadProcessMemory or WriteProcessMemory request was completed. (0x12B)
[0404/222604.525:ERROR:process_memory_win.cc(73)] ReadMemory at 0x120e100 of 60 bytes failed: Only part of a ReadProcessMemory or WriteProcessMemory request was completed. (0x12B)
[0404/222604.525:ERROR:process_memory_win.cc(73)] ReadMemory at 0x120e148 of 58 bytes failed: Only part of a ReadProcessMemory or WriteProcessMemory request was completed. (0x12B)
[0404/222604.525:ERROR:process_memory_win.cc(73)] ReadMemory at 0x120e190 of 60 bytes failed: Only part of a ReadProcessMemory or WriteProcessMemory request was completed. (0x12B)
[0404/222604.525:ERROR:process_memory_win.cc(73)] ReadMemory at 0x120e1d8 of 62 bytes failed: Only part of a ReadProcessMemory or WriteProcessMemory request was completed. (0x12B)
[0404/222604.525:ERROR:process_memory_win.cc(73)] ReadMemory at 0x120e220 of 60 bytes failed: Only part of a ReadProcessMemory or WriteProcessMemory request was completed. (0x12B)
[0404/222604.525:ERROR:process_memory_win.cc(73)] ReadMemory at 0x120e268 of 60 bytes failed: Only part of a ReadProcessMemory or WriteProcessMemory request was completed. (0x12B)
[0404/222604.525:ERROR:process_memory_win.cc(73)] ReadMemory at 0x120e2b0 of 56 bytes failed: Only part of a ReadProcessMemory or WriteProcessMemory request was completed. (0x12B)
[0404/222604.525:ERROR:process_memory_win.cc(73)] ReadMemory at 0x120e2f8 of 60 bytes failed: Only part of a ReadProcessMemory or WriteProcessMemory request was completed. (0x12B)
[0404/222604.525:ERROR:process_memory_win.cc(73)] ReadMemory at 0x120e340 of 62 bytes failed: Only part of a ReadProcessMemory or WriteProcessMemory request was completed. (0x12B)
[0404/222604.525:ERROR:process_memory_win.cc(73)] ReadMemory at 0x120e388 of 62 bytes failed: Only part of a ReadProcessMemory or WriteProcessMemory request was completed. (0x12B)
[0404/222604.525:ERROR:process_memory_win.cc(73)] ReadMemory at 0x120e3d0 of 58 bytes failed: Only part of a ReadProcessMemory or WriteProcessMemory request was completed. (0x12B)
[0404/222604.525:ERROR:process_memory_win.cc(73)] ReadMemory at 0x120e418 of 60 bytes failed: Only part of a ReadProcessMemory or WriteProcessMemory request was completed. (0x12B)
[0404/222604.525:ERROR:process_memory_win.cc(73)] ReadMemory at 0x120e460 of 62 bytes failed: Only part of a ReadProcessMemory or WriteProcessMemory request was completed. (0x12B)
[0404/222604.525:ERROR:process_memory_win.cc(73)] ReadMemory at 0x120e4a8 of 62 bytes failed: Only part of a ReadProcessMemory or WriteProcessMemory request was completed. (0x12B)
[0404/222604.525:ERROR:process_memory_win.cc(73)] ReadMemory at 0x12142a0 of 64 bytes failed: Only part of a ReadProcessMemory or WriteProcessMemory request was completed. (0x12B)
[0404/222604.525:ERROR:process_memory_win.cc(73)] ReadMemory at 0x12142f0 of 64 bytes failed: Only part of a ReadProcessMemory or WriteProcessMemory request was completed. (0x12B)
[0404/222604.525:ERROR:process_memory_win.cc(73)] ReadMemory at 0x1214340 of 64 bytes failed: Only part of a ReadProcessMemory or WriteProcessMemory request was completed. (0x12B)
[0404/222604.525:ERROR:process_memory_win.cc(73)] ReadMemory at 0x1214390 of 156 bytes failed: Only part of a ReadProcessMemory or WriteProcessMemory request was completed. (0x12B)
[0404/222604.525:ERROR:process_memory_win.cc(73)] ReadMemory at 0x1214d30 of 244 bytes failed: Only part of a ReadProcessMemory or WriteProcessMemory request was completed. (0x12B)
[0404/222604.525:ERROR:process_memory_win.cc(73)] ReadMemory at 0x1214e30 of 120 bytes failed: Only part of a ReadProcessMemory or WriteProcessMemory request was completed. (0x12B)
[0404/222604.525:ERROR:process_memory_win.cc(73)] ReadMemory at 0x1214f00 of 64 bytes failed: Only part of a ReadProcessMemory or WriteProcessMemory request was completed. (0x12B)
[0404/222604.525:ERROR:process_memory_win.cc(73)] ReadMemory at 0x1214f50 of 64 bytes failed: Only part of a ReadProcessMemory or WriteProcessMemory request was completed. (0x12B)
[0404/222604.525:ERROR:process_memory_win.cc(73)] ReadMemory at 0x12153a0 of 120 bytes failed: Only part of a ReadProcessMemory or WriteProcessMemory request was completed. (0x12B)
[0404/222604.525:ERROR:process_memory_win.cc(73)] ReadMemory at 0x1215428 of 64 bytes failed: Only part of a ReadProcessMemory or WriteProcessMemory request was completed. (0x12B)
[0404/222604.525:ERROR:process_memory_win.cc(73)] ReadMemory at 0x1215478 of 64 bytes failed: Only part of a ReadProcessMemory or WriteProcessMemory request was completed. (0x12B)
[0404/222604.525:ERROR:process_memory_win.cc(73)] ReadMemory at 0x1215bc8 of 64 bytes failed: Only part of a ReadProcessMemory or WriteProcessMemory request was completed. (0x12B)
[0404/222604.525:ERROR:process_memory_win.cc(73)] ReadMemory at 0x12248b0 of 512 bytes failed: Only part of a ReadProcessMemory or WriteProcessMemory request was completed. (0x12B)
[0404/222604.525:ERROR:process_memory_win.cc(73)] ReadMemory at 0x1227b28 of 512 bytes failed: Only part of a ReadProcessMemory or WriteProcessMemory request was completed. (0x12B)
[0404/222604.525:ERROR:process_memory_win.cc(73)] ReadMemory at 0x379c710 of 512 bytes failed: Only part of a ReadProcessMemory or WriteProcessMemory request was completed. (0x12B)
[0404/222604.525:ERROR:process_memory_win.cc(73)] ReadMemory at 0x5f6a964 of 512 bytes failed: Only part of a ReadProcessMemory or WriteProcessMemory request was completed. (0x12B)
[0404/222604.525:ERROR:process_memory_win.cc(73)] ReadMemory at 0x2b0bca89 of 512 bytes failed: Only part of a ReadProcessMemory or WriteProcessMemory request was completed. (0x12B)
[0404/222604.525:ERROR:process_memory_win.cc(73)] ReadMemory at 0x4d77ac21 of 512 bytes failed: Only part of a ReadProcessMemory or WriteProcessMemory request was completed. (0x12B)
[0404/222604.525:ERROR:scoped_process_suspend.cc(40)] NtResumeProcess: An attempt was made to access an exiting process. (0xc000010a)
[0405/210241.759:ERROR:process_reader_win.cc(182)] ResumeThread: The parameter is incorrect. (0x57)
[0405/210242.083:ERROR:process_reader_win.cc(151)] SuspendThread: Access is denied. (0x5)
[0405/210242.083:ERROR:process_reader_win.cc(151)] SuspendThread: Access is denied. (0x5)
[0405/210242.083:ERROR:process_reader_win.cc(151)] SuspendThread: Access is denied. (0x5)
[0405/210242.083:ERROR:process_reader_win.cc(151)] SuspendThread: Access is denied. (0x5)
[0405/210242.083:ERROR:process_reader_win.cc(151)] SuspendThread: Access is denied. (0x5)
[0405/210242.083:ERROR:process_reader_win.cc(123)] NtOpenThread: An invalid Client ID was specified. (0xc000000b)
[0405/210242.400:ERROR:process_reader_win.cc(151)] SuspendThread: Access is denied. (0x5)
[0405/210242.400:ERROR:process_reader_win.cc(151)] SuspendThread: Access is denied. (0x5)
[0405/210242.400:ERROR:process_reader_win.cc(151)] SuspendThread: Access is denied. (0x5)
[0405/210242.400:ERROR:process_reader_win.cc(151)] SuspendThread: Access is denied. (0x5)
[0405/210242.400:ERROR:process_reader_win.cc(151)] SuspendThread: Access is denied. (0x5)
[0405/210242.401:ERROR:process_reader_win.cc(151)] SuspendThread: Access is denied. (0x5)
[0405/210242.401:ERROR:process_reader_win.cc(151)] SuspendThread: Access is denied. (0x5)
[0405/210242.401:ERROR:process_reader_win.cc(151)] SuspendThread: Access is denied. (0x5)
[0405/210242.401:ERROR:process_reader_win.cc(151)] SuspendThread: Access is denied. (0x5)
[0405/210242.401:ERROR:exception_snapshot_win.cc(98)] thread ID 4628 not found in process
[0407/112336.603:ERROR:process_reader_win.cc(151)] SuspendThread: Access is denied. (0x5)
[0407/112336.617:ERROR:process_reader_win.cc(151)] SuspendThread: Access is denied. (0x5)
[0407/112336.617:ERROR:process_reader_win.cc(151)] SuspendThread: Access is denied. (0x5)
[0407/112336.617:ERROR:process_reader_win.cc(151)] SuspendThread: Access is denied. (0x5)
[0407/112336.617:ERROR:process_reader_win.cc(151)] SuspendThread: Access is denied. (0x5)
[0407/112336.617:ERROR:process_reader_win.cc(151)] SuspendThread: Access is denied. (0x5)
[0407/112336.617:ERROR:process_reader_win.cc(151)] SuspendThread: Access is denied. (0x5)
[0407/112336.617:ERROR:process_reader_win.cc(151)] SuspendThread: Access is denied. (0x5)
[0407/112336.617:ERROR:process_reader_win.cc(151)] SuspendThread: Access is denied. (0x5)
[0407/112336.617:ERROR:exception_snapshot_win.cc(98)] thread ID 5972 not found in process
